<?xml version="1.0" encoding="UTF-8"?>
<testsuite xmlns:xsi="http://www.w3.org/2001/XMLSchema-instance" xsi:noNamespaceSchemaLocation="https://maven.apache.org/surefire/maven-surefire-plugin/xsd/surefire-test-report-3.0.xsd" version="3.0" name="com.ashman.ProductService.ProductServiceApplicationTests" time="14.908" tests="1" errors="0" skipped="0" failures="0">
  <properties>
[...]
</properties>
  <testcase name="contextLoads" classname="com.ashman.ProductService.ProductServiceApplicationTests" time="1.231">
    <system-out><![CDATA[12:16:30.903 [main] INFO org.springframework.test.context.support.AnnotationConfigContextLoaderUtils -- Could not detect default configuration classes for test class [com.ashman.ProductService.ProductServiceApplicationTests]: ProductServiceApplicationTests does not declare any static, non-private, non-final, nested classes annotated with @Configuration.
12:16:31.211 [main] INFO org.springframework.boot.test.context.SpringBootTestContextBootstrapper -- Found @SpringBootConfiguration com.ashman.ProductService.ProductServiceApplication for test class com.ashman.ProductService.ProductServiceApplicationTests

  .   ____          _            __ _ _
 /\\ / ___'_ __ _ _(_)_ __  __ _ \ \ \ \
( ( )\___ | '_ | '_| | '_ \/ _` | \ \ \ \
 \\/  ___)| |_)| | | | | || (_| |  ) ) ) )
  '  |____| .__|_| |_|_| |_\__, | / / / /
 =========|_|==============|___/=/_/_/_/

 :: Spring Boot ::                (v3.3.8)

2025-02-08T12:16:32.576-05:00  INFO 40260 --- [PRODUCT_SERVICE] [           main] c.a.P.ProductServiceApplicationTests     : Starting ProductServiceApplicationTests using Java 23.0.1 with PID 40260 (started by ashwi in C:\springboot\Ashman\ProductService)
2025-02-08T12:16:32.579-05:00  INFO 40260 --- [PRODUCT_SERVICE] [           main] c.a.P.ProductServiceApplicationTests     : No active profile set, falling back to 1 default profile: "default"
2025-02-08T12:16:34.493-05:00  INFO 40260 --- [PRODUCT_SERVICE] [           main] .s.d.r.c.RepositoryConfigurationDelegate : Bootstrapping Spring Data JPA repositories in DEFAULT mode.
2025-02-08T12:16:34.808-05:00  INFO 40260 --- [PRODUCT_SERVICE] [           main] .s.d.r.c.RepositoryConfigurationDelegate : Finished Spring Data repository scanning in 296 ms. Found 1 JPA repository interface.
2025-02-08T12:16:35.502-05:00  INFO 40260 --- [PRODUCT_SERVICE] [           main] o.s.cloud.context.scope.GenericScope     : BeanFactory id=608701f4-fc5e-3ba4-8a5b-f36b539a9941
2025-02-08T12:16:36.321-05:00  INFO 40260 --- [PRODUCT_SERVICE] [           main] o.hibernate.jpa.internal.util.LogHelper  : HHH000204: Processing PersistenceUnitInfo [name: default]
2025-02-08T12:16:36.428-05:00  INFO 40260 --- [PRODUCT_SERVICE] [           main] org.hibernate.Version                    : HHH000412: Hibernate ORM core version 6.5.3.Final
2025-02-08T12:16:36.535-05:00  INFO 40260 --- [PRODUCT_SERVICE] [           main] o.h.c.internal.RegionFactoryInitiator    : HHH000026: Second-level cache disabled
2025-02-08T12:16:37.436-05:00  INFO 40260 --- [PRODUCT_SERVICE] [           main] o.s.o.j.p.SpringPersistenceUnitInfo      : No LoadTimeWeaver setup: ignoring JPA class transformer
2025-02-08T12:16:37.518-05:00  INFO 40260 --- [PRODUCT_SERVICE] [           main] com.zaxxer.hikari.HikariDataSource       : HikariPool-1 - Starting...
2025-02-08T12:16:38.340-05:00  INFO 40260 --- [PRODUCT_SERVICE] [           main] com.zaxxer.hikari.pool.HikariPool        : HikariPool-1 - Added connection com.mysql.cj.jdbc.ConnectionImpl@fa11fda
2025-02-08T12:16:38.345-05:00  INFO 40260 --- [PRODUCT_SERVICE] [           main] com.zaxxer.hikari.HikariDataSource       : HikariPool-1 - Start completed.
2025-02-08T12:16:38.426-05:00  WARN 40260 --- [PRODUCT_SERVICE] [           main] org.hibernate.orm.deprecation            : HHH90000025: MySQL8Dialect does not need to be specified explicitly using 'hibernate.dialect' (remove the property setting and it will be selected by default)
2025-02-08T12:16:38.428-05:00  WARN 40260 --- [PRODUCT_SERVICE] [           main] org.hibernate.orm.deprecation            : HHH90000026: MySQL8Dialect has been deprecated; use org.hibernate.dialect.MySQLDialect instead
2025-02-08T12:16:40.405-05:00  INFO 40260 --- [PRODUCT_SERVICE] [           main] o.h.e.t.j.p.i.JtaPlatformInitiator       : HHH000489: No JTA platform available (set 'hibernate.transaction.jta.platform' to enable JTA platform integration)
2025-02-08T12:16:40.519-05:00  INFO 40260 --- [PRODUCT_SERVICE] [           main] j.LocalContainerEntityManagerFactoryBean : Initialized JPA EntityManagerFactory for persistence unit 'default'
2025-02-08T12:16:41.544-05:00  WARN 40260 --- [PRODUCT_SERVICE] [           main] JpaBaseConfiguration$JpaWebConfiguration : spring.jpa.open-in-view is enabled by default. Therefore, database queries may be performed during view rendering. Explicitly configure spring.jpa.open-in-view to disable this warning
2025-02-08T12:16:42.822-05:00  INFO 40260 --- [PRODUCT_SERVICE] [           main] DiscoveryClientOptionalArgsConfiguration : Eureka HTTP Client uses RestTemplate.
2025-02-08T12:16:42.939-05:00  WARN 40260 --- [PRODUCT_SERVICE] [           main] iguration$LoadBalancerCaffeineWarnLogger : Spring Cloud LoadBalancer is currently working with the default cache. While this cache implementation is useful for development and tests, it's recommended to use Caffeine cache in production.You can switch to using Caffeine cache, by adding it and org.springframework.cache.caffeine.CaffeineCacheManager to the classpath.
2025-02-08T12:16:42.987-05:00  INFO 40260 --- [PRODUCT_SERVICE] [           main] o.s.c.n.eureka.InstanceInfoFactory       : Setting initial instance status as: STARTING
2025-02-08T12:16:43.069-05:00  INFO 40260 --- [PRODUCT_SERVICE] [           main] com.netflix.discovery.DiscoveryClient    : Initializing Eureka in region us-east-1
2025-02-08T12:16:43.077-05:00  INFO 40260 --- [PRODUCT_SERVICE] [           main] c.n.d.s.r.aws.ConfigClusterResolver      : Resolving eureka endpoints via configuration
2025-02-08T12:16:43.132-05:00  INFO 40260 --- [PRODUCT_SERVICE] [           main] com.netflix.discovery.DiscoveryClient    : Disable delta property : false
2025-02-08T12:16:43.132-05:00  INFO 40260 --- [PRODUCT_SERVICE] [           main] com.netflix.discovery.DiscoveryClient    : Single vip registry refresh property : null
2025-02-08T12:16:43.133-05:00  INFO 40260 --- [PRODUCT_SERVICE] [           main] com.netflix.discovery.DiscoveryClient    : Force full registry fetch : false
2025-02-08T12:16:43.133-05:00  INFO 40260 --- [PRODUCT_SERVICE] [           main] com.netflix.discovery.DiscoveryClient    : Application is null : false
2025-02-08T12:16:43.133-05:00  INFO 40260 --- [PRODUCT_SERVICE] [           main] com.netflix.discovery.DiscoveryClient    : Registered Applications size is zero : true
2025-02-08T12:16:43.133-05:00  INFO 40260 --- [PRODUCT_SERVICE] [           main] com.netflix.discovery.DiscoveryClient    : Application version is -1: true
2025-02-08T12:16:43.133-05:00  INFO 40260 --- [PRODUCT_SERVICE] [           main] com.netflix.discovery.DiscoveryClient    : Getting all instance registry info from the eureka server
2025-02-08T12:16:44.003-05:00  INFO 40260 --- [PRODUCT_SERVICE] [           main] com.netflix.discovery.DiscoveryClient    : The response status is 200
2025-02-08T12:16:44.008-05:00  INFO 40260 --- [PRODUCT_SERVICE] [           main] com.netflix.discovery.DiscoveryClient    : Starting heartbeat executor: renew interval is: 30
2025-02-08T12:16:44.012-05:00  INFO 40260 --- [PRODUCT_SERVICE] [           main] c.n.discovery.InstanceInfoReplicator     : InstanceInfoReplicator onDemand update allowed rate per min is 4
2025-02-08T12:16:44.017-05:00  INFO 40260 --- [PRODUCT_SERVICE] [           main] com.netflix.discovery.DiscoveryClient    : Discovery Client initialized at timestamp 1739035004014 with initial instances count: 2
2025-02-08T12:16:44.029-05:00  INFO 40260 --- [PRODUCT_SERVICE] [           main] o.s.c.n.e.s.EurekaServiceRegistry        : Registering application PRODUCT_SERVICE with eureka with status UP
2025-02-08T12:16:44.030-05:00  INFO 40260 --- [PRODUCT_SERVICE] [           main] com.netflix.discovery.DiscoveryClient    : Saw local status change event StatusChangeEvent [timestamp=1739035004030, current=UP, previous=STARTING]
2025-02-08T12:16:44.043-05:00  INFO 40260 --- [PRODUCT_SERVICE] [foReplicator-%d] com.netflix.discovery.DiscoveryClient    : DiscoveryClient_PRODUCT_SERVICE/AshMan.mshome.net:PRODUCT_SERVICE: registering service...
2025-02-08T12:16:44.069-05:00  INFO 40260 --- [PRODUCT_SERVICE] [           main] c.a.P.ProductServiceApplicationTests     : Started ProductServiceApplicationTests in 12.495 seconds (process running for 15.122)
2025-02-08T12:16:44.202-05:00  INFO 40260 --- [PRODUCT_SERVICE] [foReplicator-%d] com.netflix.discovery.DiscoveryClient    : DiscoveryClient_PRODUCT_SERVICE/AshMan.mshome.net:PRODUCT_SERVICE - registration status: 204
]]></system-out>
    <system-err><![CDATA[WARNING: A Java agent has been loaded dynamically (C:\Users\ashwi\.m2\repository\net\bytebuddy\byte-buddy-agent\1.14.19\byte-buddy-agent-1.14.19.jar)
WARNING: If a serviceability tool is in use, please run with -XX:+EnableDynamicAgentLoading to hide this warning
WARNING: If a serviceability tool is not in use, please run with -Djdk.instrument.traceUsage for more information
WARNING: Dynamic loading of agents will be disallowed by default in a future release
]]></system-err>
  </testcase>
</testsuite>